[LOG] System::create                           : Header version = 1.10.05. Current version = 1.10.05.
[LOG] SystemI::setOutputInternal               : Setting output to 'FMOD WASAPI Output'
[LOG] Manager::init                            : maxchannels = 1024 studioflags = 00000009 flags 00000000 extradriverdata 0000000000000000.
[LOG] SystemI::init                            : Initialize version=11005 (94661), maxchannels=1024, flags=0x00030000
[LOG] OutputWASAPI::init                       : Mix Format (WAVEFORMATEX): wFormatTag=0xFFFE, nChannels=2, nSamplesPerSec=48000, nAvgBytesPerSec=384000, nBlockAlign=8, wBitsPerSample=32, cbSize=22.
[LOG] OutputWASAPI::init                       : Mix Format (WAVEFORMATEXTENSIBLE): wValidBitsPerSample=32, dwChannelMask=0x00000003, SubFormat=00000003-0000-0010-8000-00AA00389B71.
[LOG] OutputWASAPI::init                       : Output buffer size: 4096 samples, latency: 0.00ms, period: 10.00ms, DSP buffer: 1024 * 4
[LOG] Thread::initThread                       : Init FMOD stream thread. Priority: 2, Stack Size: 65536, Semaphore: No, Sleep Time: 10, Looping: Yes.
[LOG] SystemI::DSPCodecPoolRegister            : register codec pool for pool type 5
[LOG] Thread::initThread                       : Init FMOD mixer thread. Priority: 3, Stack Size: 49152, Semaphore: No, Sleep Time: 0, Looping: Yes.
[LOG] AsyncManager::init                       : manager 000000001103F868 isAsync 1 updatePeriod 0.02
[LOG] Thread::initThread                       : Init FMOD Studio update thread. Priority: 0, Stack Size: 65536, Semaphore: No, Sleep Time: 1, Looping: No.
[LOG] AsyncManager::init                       : done
[LOG] PlaybackSystem::init                     : 
[LOG] Thread::initThread                       : Init FMOD Studio sample load thread. Priority: 0, Stack Size: 65536, Semaphore: No, Sleep Time: 1, Looping: No.
[LOG] PlaybackSystem::init                     : done
[LOG] LiveUpdate::init                         : 
[LOG] Thread::initThread                       : Init FMOD Studio bank load thread. Priority: 0, Stack Size: 65536, Semaphore: No, Sleep Time: 1, Looping: No.
[LOG] Manager::init                            : done.
[LOG] Profile::init                            : Profiler listening on port: 9264
[LOG] Manager::readBank                        : fileversion = 99, compatVersion = 99 (oldest = 44, newest = 100)
[LOG] Manager::readBank                        : fileversion = 99, compatVersion = 99 (oldest = 44, newest = 100)
[LOG] PlaybackSystem::acquireMasterBus         : Setting master channel group format to 6
[ERR] assert                                   : assertion: 'listener >= 0 && listener < numlisteners' failed
[ERR] assert                                   : assertion: 'listener >= 0 && listener < numlisteners' failed
[LOG] SystemI::createSoundInternal             : Create name='', mode=0x02000202
[LOG] SystemI::createSoundInternal             : exinfo->cbsize             = 232
[LOG] SystemI::createSoundInternal             : exinfo->length             = 5819968
[LOG] SystemI::createSoundInternal             : exinfo->fileoffset         = 51136
[LOG] SystemI::createSoundInternal             : exinfo->numsubsounds       = 1
[LOG] SystemI::createSoundInternal             : exinfo->inclusionlist      = 000000007D61F5FC
[LOG] SystemI::createSoundInternal             : exinfo->inclusionlistnum   = 1
[LOG] SystemI::createSoundInternal             : exinfo->suggestedsoundtype = 5
[LOG] SystemI::createSoundInternal             : exinfo->useropen           = 00007FFA35BFE4B0
[LOG] SystemI::createSoundInternal             : exinfo->userclose          = 00007FFA35BFE480
[LOG] SystemI::createSoundInternal             : exinfo->userread           = 00007FFA35BFE580
[LOG] SystemI::createSoundInternal             : exinfo->userseek           = 00007FFA35BFE640
[LOG] SystemI::createSoundInternal             : exinfo->fileuserdata       = 000000005B9F4EA8
[LOG] SystemI::createSoundInternal             : exinfo->initialseekpostype = 1
[LOG] SystemI::DSPCodecPoolRegister            : register codec pool for pool type 5
[LOG] SystemI::createSoundInternal             : Sample 0/1: name='Sad Trombone - Gaming Sound Effect HD', format=2, channels=2, frequency=48000, lengthbytes=33216, lengthpcm=244506, pcmblocksize=0, loopstart=0, loopend=0, mode=0x00000000, channelmask=0x00000000, channelorder=0, peakvolume=0.913666.
[LOG] SystemI::createSound                     : filename = Assets\FMOD\Project\Build\Desktop/Master Bank.bank : mode 02010082
[LOG] SystemI::createSound                     : FMOD_NONBLOCKING specified.  Putting into queue to be opened asynchronously!
[LOG] SystemI::createSound                     : setdata soundi = 000000006E8B1918 : node = 00000000110309E0
[LOG] SystemI::createSound                     : add node to async list : head = 000000005BF7C188.  list count = 0
[LOG] AsyncThread::threadFunc                  : Starting Asynchronous operation on sound 000000006E8B1918
[LOG] SystemI::createSoundInternal             :     Create name='Assets\FMOD\Project\Build\Desktop/Master Bank.bank', mode=0x02010082
[LOG] SystemI::createSoundInternal             :     exinfo->cbsize             = 232
[LOG] SystemI::createSoundInternal             :     exinfo->length             = 5819968
[LOG] SystemI::createSoundInternal             :     exinfo->fileoffset         = 51136
[LOG] SystemI::createSoundInternal             :     exinfo->numsubsounds       = 1
[LOG] SystemI::createSoundInternal             :     exinfo->inclusionlist      = 0000000011030AF8
[LOG] SystemI::createSoundInternal             :     exinfo->inclusionlistnum   = 1
[LOG] SystemI::createSoundInternal             :     exinfo->suggestedsoundtype = 5
[LOG] SystemI::createSoundInternal             :     exinfo->initialseekposition = 2000
[LOG] SystemI::createSoundInternal             :     exinfo->initialseekpostype = 1
[LOG] SystemI::createSoundInternal             :     Stream 0/1: name='Nicolai Heidlas - These Moments Guitar  happy  calm royalty free music  FMH promotion', format=2, channels=2, frequency=48000, lengthbytes=2301888, lengthpcm=7515742, pcmblocksize=0, loopstart=0, loopend=0, mode=0x00000000, channelmask=0x00000000, channelorder=0, peakvolume=0.999969.
[LOG] AsyncThread::threadFunc                  : Finished Asynchronous operation on sound 000000006E8B1918
[LOG] SoundI::getSubSound                      : sound 000000006E8B1918.  Subsound index 0 / 1
[LOG] AsyncThread::threadFunc                  : Starting Asynchronous operation on sound 000000006E8B2BA8
[LOG] AsyncThread::threadFunc                  : Finished Asynchronous operation on sound 000000006E8B2BA8
[LOG] SystemI::createSoundInternal             : Create name='', mode=0x02000202
[LOG] SystemI::createSoundInternal             : exinfo->cbsize             = 232
[LOG] SystemI::createSoundInternal             : exinfo->length             = 5819968
[LOG] SystemI::createSoundInternal             : exinfo->fileoffset         = 51136
[LOG] SystemI::createSoundInternal             : exinfo->numsubsounds       = 1
[LOG] SystemI::createSoundInternal             : exinfo->inclusionlist      = 000000007D61F5FC
[LOG] SystemI::createSoundInternal             : exinfo->inclusionlistnum   = 1
[LOG] SystemI::createSoundInternal             : exinfo->suggestedsoundtype = 5
[LOG] SystemI::createSoundInternal             : exinfo->useropen           = 00007FFA35BFE4B0
[LOG] SystemI::createSoundInternal             : exinfo->userclose          = 00007FFA35BFE480
[LOG] SystemI::createSoundInternal             : exinfo->userread           = 00007FFA35BFE580
[LOG] SystemI::createSoundInternal             : exinfo->userseek           = 00007FFA35BFE640
[LOG] SystemI::createSoundInternal             : exinfo->fileuserdata       = 000000005B89DDC8
[LOG] SystemI::createSoundInternal             : exinfo->initialseekpostype = 1
[LOG] SystemI::DSPCodecPoolRegister            : register codec pool for pool type 5
[LOG] SystemI::createSoundInternal             : Sample 0/1: name='spell shoot blast', format=2, channels=2, frequency=48000, lengthbytes=14400, lengthpcm=66816, pcmblocksize=0, loopstart=0, loopend=0, mode=0x00000000, channelmask=0x00000000, channelorder=0, peakvolume=0.746948.
[LOG] SystemI::createSound                     : filename = Assets\FMOD\Project\Build\Desktop/Master Bank.bank : mode 02010082
[LOG] SystemI::createSound                     : FMOD_NONBLOCKING specified.  Putting into queue to be opened asynchronously!
[LOG] SystemI::createSound                     : setdata soundi = 000000006E8B15B8 : node = 0000000011030DD0
[LOG] SystemI::createSound                     : add node to async list : head = 000000005BF7C188.  list count = 0
[LOG] AsyncThread::threadFunc                  : Starting Asynchronous operation on sound 000000006E8B15B8
[LOG] SystemI::createSoundInternal             :     Create name='Assets\FMOD\Project\Build\Desktop/Master Bank.bank', mode=0x02010082
[LOG] SystemI::createSoundInternal             :     exinfo->cbsize             = 232
[LOG] SystemI::createSoundInternal             :     exinfo->length             = 5819968
[LOG] SystemI::createSoundInternal             :     exinfo->fileoffset         = 51136
[LOG] SystemI::createSoundInternal             :     exinfo->numsubsounds       = 1
[LOG] SystemI::createSoundInternal             :     exinfo->inclusionlist      = 0000000011030EE8
[LOG] SystemI::createSoundInternal             :     exinfo->inclusionlistnum   = 1
[LOG] SystemI::createSoundInternal             :     exinfo->suggestedsoundtype = 5
[LOG] SystemI::createSoundInternal             :     exinfo->initialseekposition = 37350
[LOG] SystemI::createSoundInternal             :     exinfo->initialseekpostype = 1
[LOG] SystemI::createSoundInternal             :     Stream 0/1: name='AKnewGod - Indifferent Heavy Metal royalty free music  FMH release', format=2, channels=2, frequency=48000, lengthbytes=2899808, lengthpcm=10701844, pcmblocksize=0, loopstart=0, loopend=0, mode=0x00000000, channelmask=0x00000000, channelorder=0, peakvolume=0.999969.
[LOG] AsyncThread::threadFunc                  : Finished Asynchronous operation on sound 000000006E8B15B8
[LOG] SoundI::getSubSound                      : sound 000000006E8B15B8.  Subsound index 0 / 1
[LOG] SoundI::release                          : Nicolai Heidlas - These Moments Guitar  happy  calm royalty free music  FMH promotion (000000006E8B1918)
[LOG] SoundI::release                          :     Nicolai Heidlas - These Moments Guitar  happy  calm royalty free music  FMH promotion (000000005BB3A6E8)
[LOG] SoundI::release                          :     Nicolai Heidlas - These Moments Guitar  happy  calm royalty free music  FMH promotion (000000006E8B2BA8)
[LOG] SystemI::createSoundInternal             : Create name='', mode=0x02000202
[LOG] SystemI::createSoundInternal             : exinfo->cbsize             = 232
[LOG] SystemI::createSoundInternal             : exinfo->length             = 5819968
[LOG] SystemI::createSoundInternal             : exinfo->fileoffset         = 51136
[LOG] SystemI::createSoundInternal             : exinfo->numsubsounds       = 1
[LOG] SystemI::createSoundInternal             : exinfo->inclusionlist      = 000000007D61F5FC
[LOG] SystemI::createSoundInternal             : exinfo->inclusionlistnum   = 1
[LOG] SystemI::createSoundInternal             : exinfo->suggestedsoundtype = 5
[LOG] SystemI::createSoundInternal             : exinfo->useropen           = 00007FFA35BFE4B0
[LOG] SystemI::createSoundInternal             : exinfo->userclose          = 00007FFA35BFE480
[LOG] SystemI::createSoundInternal             : exinfo->userread           = 00007FFA35BFE580
[LOG] SystemI::createSoundInternal             : exinfo->userseek           = 00007FFA35BFE640
[LOG] SystemI::createSoundInternal             : exinfo->fileuserdata       = 000000005BF50CF8
[LOG] SystemI::createSoundInternal             : exinfo->initialseekpostype = 1
[LOG] SystemI::DSPCodecPoolRegister            : register codec pool for pool type 5
[LOG] SystemI::createSoundInternal             : Sample 0/1: name='pickaxe swing', format=2, channels=2, frequency=48000, lengthbytes=4128, lengthpcm=27585, pcmblocksize=0, loopstart=0, loopend=0, mode=0x00000000, channelmask=0x00000000, channelorder=0, peakvolume=0.559723.
[LOG] SystemI::createSoundInternal             : Create name='', mode=0x02000202
[LOG] SystemI::createSoundInternal             : exinfo->cbsize             = 232
[LOG] SystemI::createSoundInternal             : exinfo->length             = 5819968
[LOG] SystemI::createSoundInternal             : exinfo->fileoffset         = 51136
[LOG] SystemI::createSoundInternal             : exinfo->numsubsounds       = 1
[LOG] SystemI::createSoundInternal             : exinfo->inclusionlist      = 000000007D61F5FC
[LOG] SystemI::createSoundInternal             : exinfo->inclusionlistnum   = 1
[LOG] SystemI::createSoundInternal             : exinfo->suggestedsoundtype = 5
[LOG] SystemI::createSoundInternal             : exinfo->useropen           = 00007FFA35BFE4B0
[LOG] SystemI::createSoundInternal             : exinfo->userclose          = 00007FFA35BFE480
[LOG] SystemI::createSoundInternal             : exinfo->userread           = 00007FFA35BFE580
[LOG] SystemI::createSoundInternal             : exinfo->userseek           = 00007FFA35BFE640
[LOG] SystemI::createSoundInternal             : exinfo->fileuserdata       = 000000005BF50CF8
[LOG] SystemI::createSoundInternal             : exinfo->initialseekpostype = 1
[LOG] SystemI::DSPCodecPoolRegister            : register codec pool for pool type 5
[LOG] SystemI::createSoundInternal             : Sample 0/1: name='smash1', format=2, channels=2, frequency=48000, lengthbytes=8992, lengthpcm=46393, pcmblocksize=0, loopstart=0, loopend=0, mode=0x00000000, channelmask=0x00000000, channelorder=0, peakvolume=0.468781.
[LOG] SystemI::createSoundInternal             : Create name='', mode=0x02000202
[LOG] SystemI::createSoundInternal             : exinfo->cbsize             = 232
[LOG] SystemI::createSoundInternal             : exinfo->length             = 5819968
[LOG] SystemI::createSoundInternal             : exinfo->fileoffset         = 51136
[LOG] SystemI::createSoundInternal             : exinfo->numsubsounds       = 1
[LOG] SystemI::createSoundInternal             : exinfo->inclusionlist      = 000000007D61F5FC
[LOG] SystemI::createSoundInternal             : exinfo->inclusionlistnum   = 1
[LOG] SystemI::createSoundInternal             : exinfo->suggestedsoundtype = 5
[LOG] SystemI::createSoundInternal             : exinfo->useropen           = 00007FFA35BFE4B0
[LOG] SystemI::createSoundInternal             : exinfo->userclose          = 00007FFA35BFE480
[LOG] SystemI::createSoundInternal             : exinfo->userread           = 00007FFA35BFE580
[LOG] SystemI::createSoundInternal             : exinfo->userseek           = 00007FFA35BFE640
[LOG] SystemI::createSoundInternal             : exinfo->fileuserdata       = 000000005BF50CF8
[LOG] SystemI::createSoundInternal             : exinfo->initialseekpostype = 1
[LOG] SystemI::DSPCodecPoolRegister            : register codec pool for pool type 5
[LOG] SystemI::createSoundInternal             : Sample 0/1: name='hit1', format=2, channels=2, frequency=48000, lengthbytes=5952, lengthpcm=43885, pcmblocksize=0, loopstart=0, loopend=0, mode=0x00000000, channelmask=0x00000000, channelorder=0, peakvolume=0.979584.
[LOG] SystemI::createSoundInternal             : Create name='', mode=0x02000202
[LOG] SystemI::createSoundInternal             : exinfo->cbsize             = 232
[LOG] SystemI::createSoundInternal             : exinfo->length             = 5819968
[LOG] SystemI::createSoundInternal             : exinfo->fileoffset         = 51136
[LOG] SystemI::createSoundInternal             : exinfo->numsubsounds       = 1
[LOG] SystemI::createSoundInternal             : exinfo->inclusionlist      = 000000007D61F5FC
[LOG] SystemI::createSoundInternal             : exinfo->inclusionlistnum   = 1
[LOG] SystemI::createSoundInternal             : exinfo->suggestedsoundtype = 5
[LOG] SystemI::createSoundInternal             : exinfo->useropen           = 00007FFA35BFE4B0
[LOG] SystemI::createSoundInternal             : exinfo->userclose          = 00007FFA35BFE480
[LOG] SystemI::createSoundInternal             : exinfo->userread           = 00007FFA35BFE580
[LOG] SystemI::createSoundInternal             : exinfo->userseek           = 00007FFA35BFE640
[LOG] SystemI::createSoundInternal             : exinfo->fileuserdata       = 000000005BF50CF8
[LOG] SystemI::createSoundInternal             : exinfo->initialseekpostype = 1
[LOG] SystemI::DSPCodecPoolRegister            : register codec pool for pool type 5
[LOG] SystemI::createSoundInternal             : Sample 0/1: name='ouch2', format=2, channels=2, frequency=48000, lengthbytes=16064, lengthpcm=80248, pcmblocksize=0, loopstart=0, loopend=0, mode=0x00000000, channelmask=0x00000000, channelorder=0, peakvolume=0.587128.
[LOG] SystemI::createSoundInternal             : Create name='', mode=0x02000202
[LOG] SystemI::createSoundInternal             : exinfo->cbsize             = 232
[LOG] SystemI::createSoundInternal             : exinfo->length             = 5819968
[LOG] SystemI::createSoundInternal             : exinfo->fileoffset         = 51136
[LOG] SystemI::createSoundInternal             : exinfo->numsubsounds       = 1
[LOG] SystemI::createSoundInternal             : exinfo->inclusionlist      = 000000007D61F5FC
[LOG] SystemI::createSoundInternal             : exinfo->inclusionlistnum   = 1
[LOG] SystemI::createSoundInternal             : exinfo->suggestedsoundtype = 5
[LOG] SystemI::createSoundInternal             : exinfo->useropen           = 00007FFA35BFE4B0
[LOG] SystemI::createSoundInternal             : exinfo->userclose          = 00007FFA35BFE480
[LOG] SystemI::createSoundInternal             : exinfo->userread           = 00007FFA35BFE580
[LOG] SystemI::createSoundInternal             : exinfo->userseek           = 00007FFA35BFE640
[LOG] SystemI::createSoundInternal             : exinfo->fileuserdata       = 000000005BF50CF8
[LOG] SystemI::createSoundInternal             : exinfo->initialseekpostype = 1
[LOG] SystemI::DSPCodecPoolRegister            : register codec pool for pool type 5
[LOG] SystemI::createSoundInternal             : Sample 0/1: name='smash4', format=2, channels=2, frequency=48000, lengthbytes=7072, lengthpcm=46393, pcmblocksize=0, loopstart=0, loopend=0, mode=0x00000000, channelmask=0x00000000, channelorder=0, peakvolume=0.999969.
[LOG] SystemI::createSoundInternal             : Create name='', mode=0x02000202
[LOG] SystemI::createSoundInternal             : exinfo->cbsize             = 232
[LOG] SystemI::createSoundInternal             : exinfo->length             = 5819968
[LOG] SystemI::createSoundInternal             : exinfo->fileoffset         = 51136
[LOG] SystemI::createSoundInternal             : exinfo->numsubsounds       = 1
[LOG] SystemI::createSoundInternal             : exinfo->inclusionlist      = 000000007D61F5FC
[LOG] SystemI::createSoundInternal             : exinfo->inclusionlistnum   = 1
[LOG] SystemI::createSoundInternal             : exinfo->suggestedsoundtype = 5
[LOG] SystemI::createSoundInternal             : exinfo->useropen           = 00007FFA35BFE4B0
[LOG] SystemI::createSoundInternal             : exinfo->userclose          = 00007FFA35BFE480
[LOG] SystemI::createSoundInternal             : exinfo->userread           = 00007FFA35BFE580
[LOG] SystemI::createSoundInternal             : exinfo->userseek           = 00007FFA35BFE640
[LOG] SystemI::createSoundInternal             : exinfo->fileuserdata       = 000000005BF50CF8
[LOG] SystemI::createSoundInternal             : exinfo->initialseekpostype = 1
[LOG] SystemI::DSPCodecPoolRegister            : register codec pool for pool type 5
[LOG] SystemI::createSoundInternal             : Sample 0/1: name='smash6', format=2, channels=2, frequency=48000, lengthbytes=9408, lengthpcm=46393, pcmblocksize=0, loopstart=0, loopend=0, mode=0x00000000, channelmask=0x00000000, channelorder=0, peakvolume=0.710236.
[LOG] SystemI::createSoundInternal             : Create name='', mode=0x02000202
[LOG] SystemI::createSoundInternal             : exinfo->cbsize             = 232
[LOG] SystemI::createSoundInternal             : exinfo->length             = 5819968
[LOG] SystemI::createSoundInternal             : exinfo->fileoffset         = 51136
[LOG] SystemI::createSoundInternal             : exinfo->numsubsounds       = 1
[LOG] SystemI::createSoundInternal             : exinfo->inclusionlist      = 000000007D61F5FC
[LOG] SystemI::createSoundInternal             : exinfo->inclusionlistnum   = 1
[LOG] SystemI::createSoundInternal             : exinfo->suggestedsoundtype = 5
[LOG] SystemI::createSoundInternal             : exinfo->useropen           = 00007FFA35BFE4B0
[LOG] SystemI::createSoundInternal             : exinfo->userclose          = 00007FFA35BFE480
[LOG] SystemI::createSoundInternal             : exinfo->userread           = 00007FFA35BFE580
[LOG] SystemI::createSoundInternal             : exinfo->userseek           = 00007FFA35BFE640
[LOG] SystemI::createSoundInternal             : exinfo->fileuserdata       = 000000005BF50CF8
[LOG] SystemI::createSoundInternal             : exinfo->initialseekpostype = 1
[LOG] SystemI::DSPCodecPoolRegister            : register codec pool for pool type 5
[LOG] SystemI::createSoundInternal             : Sample 0/1: name='hit2', format=2, channels=2, frequency=48000, lengthbytes=6464, lengthpcm=43885, pcmblocksize=0, loopstart=0, loopend=0, mode=0x00000000, channelmask=0x00000000, channelorder=0, peakvolume=0.905762.
[LOG] SystemI::createSoundInternal             : Create name='', mode=0x02000202
[LOG] SystemI::createSoundInternal             : exinfo->cbsize             = 232
[LOG] SystemI::createSoundInternal             : exinfo->length             = 5819968
[LOG] SystemI::createSoundInternal             : exinfo->fileoffset         = 51136
[LOG] SystemI::createSoundInternal             : exinfo->numsubsounds       = 1
[LOG] SystemI::createSoundInternal             : exinfo->inclusionlist      = 000000007D61F5FC
[LOG] SystemI::createSoundInternal             : exinfo->inclusionlistnum   = 1
[LOG] SystemI::createSoundInternal             : exinfo->suggestedsoundtype = 5
[LOG] SystemI::createSoundInternal             : exinfo->useropen           = 00007FFA35BFE4B0
[LOG] SystemI::createSoundInternal             : exinfo->userclose          = 00007FFA35BFE480
[LOG] SystemI::createSoundInternal             : exinfo->userread           = 00007FFA35BFE580
[LOG] SystemI::createSoundInternal             : exinfo->userseek           = 00007FFA35BFE640
[LOG] SystemI::createSoundInternal             : exinfo->fileuserdata       = 000000005BF50CF8
[LOG] SystemI::createSoundInternal             : exinfo->initialseekpostype = 1
[LOG] SystemI::DSPCodecPoolRegister            : register codec pool for pool type 5
[LOG] SystemI::createSoundInternal             : Sample 0/1: name='hit3', format=2, channels=2, frequency=48000, lengthbytes=9952, lengthpcm=43885, pcmblocksize=0, loopstart=0, loopend=0, mode=0x00000000, channelmask=0x00000000, channelorder=0, peakvolume=0.999969.
[LOG] SystemI::createSoundInternal             : Create name='', mode=0x02000202
[LOG] SystemI::createSoundInternal             : exinfo->cbsize             = 232
[LOG] SystemI::createSoundInternal             : exinfo->length             = 5819968
[LOG] SystemI::createSoundInternal             : exinfo->fileoffset         = 51136
[LOG] SystemI::createSoundInternal             : exinfo->numsubsounds       = 1
[LOG] SystemI::createSoundInternal             : exinfo->inclusionlist      = 000000007D61F5FC
[LOG] SystemI::createSoundInternal             : exinfo->inclusionlistnum   = 1
[LOG] SystemI::createSoundInternal             : exinfo->suggestedsoundtype = 5
[LOG] SystemI::createSoundInternal             : exinfo->useropen           = 00007FFA35BFE4B0
[LOG] SystemI::createSoundInternal             : exinfo->userclose          = 00007FFA35BFE480
[LOG] SystemI::createSoundInternal             : exinfo->userread           = 00007FFA35BFE580
[LOG] SystemI::createSoundInternal             : exinfo->userseek           = 00007FFA35BFE640
[LOG] SystemI::createSoundInternal             : exinfo->fileuserdata       = 000000005BF50CF8
[LOG] SystemI::createSoundInternal             : exinfo->initialseekpostype = 1
[LOG] SystemI::DSPCodecPoolRegister            : register codec pool for pool type 5
[LOG] SystemI::createSoundInternal             : Sample 0/1: name='smash3', format=2, channels=2, frequency=48000, lengthbytes=10624, lengthpcm=46393, pcmblocksize=0, loopstart=0, loopend=0, mode=0x00000000, channelmask=0x00000000, channelorder=0, peakvolume=0.986237.
[LOG] SystemI::createSoundInternal             : Create name='', mode=0x02000202
[LOG] SystemI::createSoundInternal             : exinfo->cbsize             = 232
[LOG] SystemI::createSoundInternal             : exinfo->length             = 5819968
[LOG] SystemI::createSoundInternal             : exinfo->fileoffset         = 51136
[LOG] SystemI::createSoundInternal             : exinfo->numsubsounds       = 1
[LOG] SystemI::createSoundInternal             : exinfo->inclusionlist      = 000000007D61F5FC
[LOG] SystemI::createSoundInternal             : exinfo->inclusionlistnum   = 1
[LOG] SystemI::createSoundInternal             : exinfo->suggestedsoundtype = 5
[LOG] SystemI::createSoundInternal             : exinfo->useropen           = 00007FFA35BFE4B0
[LOG] SystemI::createSoundInternal             : exinfo->userclose          = 00007FFA35BFE480
[LOG] SystemI::createSoundInternal             : exinfo->userread           = 00007FFA35BFE580
[LOG] SystemI::createSoundInternal             : exinfo->userseek           = 00007FFA35BFE640
[LOG] SystemI::createSoundInternal             : exinfo->fileuserdata       = 000000005BF50CF8
[LOG] SystemI::createSoundInternal             : exinfo->initialseekpostype = 1
[LOG] SystemI::DSPCodecPoolRegister            : register codec pool for pool type 5
[LOG] SystemI::createSoundInternal             : Sample 0/1: name='smash2', format=2, channels=2, frequency=48000, lengthbytes=10688, lengthpcm=46393, pcmblocksize=0, loopstart=0, loopend=0, mode=0x00000000, channelmask=0x00000000, channelorder=0, peakvolume=0.999969.
[LOG] SystemI::createSoundInternal             : Create name='', mode=0x02000202
[LOG] SystemI::createSoundInternal             : exinfo->cbsize             = 232
[LOG] SystemI::createSoundInternal             : exinfo->length             = 5819968
[LOG] SystemI::createSoundInternal             : exinfo->fileoffset         = 51136
[LOG] SystemI::createSoundInternal             : exinfo->numsubsounds       = 1
[LOG] SystemI::createSoundInternal             : exinfo->inclusionlist      = 000000007D61F5FC
[LOG] SystemI::createSoundInternal             : exinfo->inclusionlistnum   = 1
[LOG] SystemI::createSoundInternal             : exinfo->suggestedsoundtype = 5
[LOG] SystemI::createSoundInternal             : exinfo->useropen           = 00007FFA35BFE4B0
[LOG] SystemI::createSoundInternal             : exinfo->userclose          = 00007FFA35BFE480
[LOG] SystemI::createSoundInternal             : exinfo->userread           = 00007FFA35BFE580
[LOG] SystemI::createSoundInternal             : exinfo->userseek           = 00007FFA35BFE640
[LOG] SystemI::createSoundInternal             : exinfo->fileuserdata       = 000000005BF50CF8
[LOG] SystemI::createSoundInternal             : exinfo->initialseekpostype = 1
[LOG] SystemI::DSPCodecPoolRegister            : register codec pool for pool type 5
[LOG] SystemI::createSoundInternal             : Sample 0/1: name='ouch1', format=2, channels=2, frequency=48000, lengthbytes=11264, lengthpcm=80248, pcmblocksize=0, loopstart=0, loopend=0, mode=0x00000000, channelmask=0x00000000, channelorder=0, peakvolume=0.755829.
[LOG] SystemI::createSoundInternal             : Create name='', mode=0x02000202
[LOG] SystemI::createSoundInternal             : exinfo->cbsize             = 232
[LOG] SystemI::createSoundInternal             : exinfo->length             = 5819968
[LOG] SystemI::createSoundInternal             : exinfo->fileoffset         = 51136
[LOG] SystemI::createSoundInternal             : exinfo->numsubsounds       = 1
[LOG] SystemI::createSoundInternal             : exinfo->inclusionlist      = 000000007D61F5FC
[LOG] SystemI::createSoundInternal             : exinfo->inclusionlistnum   = 1
[LOG] SystemI::createSoundInternal             : exinfo->suggestedsoundtype = 5
[LOG] SystemI::createSoundInternal             : exinfo->useropen           = 00007FFA35BFE4B0
[LOG] SystemI::createSoundInternal             : exinfo->userclose          = 00007FFA35BFE480
[LOG] SystemI::createSoundInternal             : exinfo->userread           = 00007FFA35BFE580
[LOG] SystemI::createSoundInternal             : exinfo->userseek           = 00007FFA35BFE640
[LOG] SystemI::createSoundInternal             : exinfo->fileuserdata       = 000000005BF50CF8
[LOG] SystemI::createSoundInternal             : exinfo->initialseekpostype = 1
[LOG] SystemI::DSPCodecPoolRegister            : register codec pool for pool type 5
[LOG] SystemI::createSoundInternal             : Sample 0/1: name='smash5', format=2, channels=2, frequency=48000, lengthbytes=10016, lengthpcm=46393, pcmblocksize=0, loopstart=0, loopend=0, mode=0x00000000, channelmask=0x00000000, channelorder=0, peakvolume=0.715240.
[ERR] assert                                   : assertion: 'listener >= 0 && listener < numlisteners' failed
[ERR] assert                                   : assertion: 'listener >= 0 && listener < numlisteners' failed
[LOG] SystemI::createSound                     : filename = Assets\FMOD\Project\Build\Desktop/Master Bank.bank : mode 02010082
[LOG] SystemI::createSound                     : FMOD_NONBLOCKING specified.  Putting into queue to be opened asynchronously!
[LOG] SystemI::createSound                     : setdata soundi = 000000006E8B1408 : node = 0000000011031850
[LOG] SystemI::createSound                     : add node to async list : head = 000000005BF7C188.  list count = 0
[LOG] AsyncThread::threadFunc                  : Starting Asynchronous operation on sound 000000006E8B1408
[LOG] SystemI::createSoundInternal             :     Create name='Assets\FMOD\Project\Build\Desktop/Master Bank.bank', mode=0x02010082
[LOG] SystemI::createSoundInternal             :     exinfo->cbsize             = 232
[LOG] SystemI::createSoundInternal             :     exinfo->length             = 5819968
[LOG] SystemI::createSound                     :     filename = Assets\FMOD\Project\Build\Desktop/Master Bank.bank : mode 02010082
[LOG] SystemI::createSoundInternal             :     exinfo->fileoffset         = 51136
[LOG] SystemI::createSound                     :     FMOD_NONBLOCKING specified.  Putting into queue to be opened asynchronously!
[LOG] SystemI::createSoundInternal             :     exinfo->numsubsounds       = 1
[LOG] SystemI::createSound                     :     setdata soundi = 000000006E8B1918 : node = 0000000011031070
[LOG] SystemI::createSoundInternal             :     exinfo->inclusionlist      = 0000000011031968
[LOG] SystemI::createSound                     :     add node to async list : head = 000000005BF7C188.  list count = 0
[LOG] SystemI::createSoundInternal             :     exinfo->inclusionlistnum   = 1
[LOG] SystemI::createSoundInternal             :     exinfo->suggestedsoundtype = 5
[LOG] SystemI::createSoundInternal             :     exinfo->initialseekposition = 2000
[LOG] SystemI::createSoundInternal             :     exinfo->initialseekpostype = 1
[LOG] SystemI::createSoundInternal             :     Stream 0/1: name='Nicolai Heidlas - These Moments Guitar  happy  calm royalty free music  FMH promotion', format=2, channels=2, frequency=48000, lengthbytes=2301888, lengthpcm=7515742, pcmblocksize=0, loopstart=0, loopend=0, mode=0x00000000, channelmask=0x00000000, channelorder=0, peakvolume=0.999969.
[LOG] AsyncThread::threadFunc                  : Finished Asynchronous operation on sound 000000006E8B1408
[LOG] AsyncThread::threadFunc                  : Starting Asynchronous operation on sound 000000006E8B1918
[LOG] SystemI::createSoundInternal             :     Create name='Assets\FMOD\Project\Build\Desktop/Master Bank.bank', mode=0x02010082
[LOG] SystemI::createSoundInternal             :     exinfo->cbsize             = 232
[LOG] SystemI::createSoundInternal             :     exinfo->length             = 5819968
[LOG] SystemI::createSoundInternal             :     exinfo->fileoffset         = 51136
[LOG] SystemI::createSoundInternal             :     exinfo->numsubsounds       = 1
[LOG] SystemI::createSoundInternal             :     exinfo->inclusionlist      = 0000000011031188
[LOG] SystemI::createSoundInternal             :     exinfo->inclusionlistnum   = 1
[LOG] SystemI::createSoundInternal             :     exinfo->suggestedsoundtype = 5
[LOG] SystemI::createSoundInternal             :     exinfo->initialseekposition = 2000
[LOG] SystemI::createSoundInternal             :     exinfo->initialseekpostype = 1
[LOG] SystemI::createSoundInternal             :     Stream 0/1: name='Nicolai Heidlas - These Moments Guitar  happy  calm royalty free music  FMH promotion', format=2, channels=2, frequency=48000, lengthbytes=2301888, lengthpcm=7515742, pcmblocksize=0, loopstart=0, loopend=0, mode=0x00000000, channelmask=0x00000000, channelorder=0, peakvolume=0.999969.
[LOG] AsyncThread::threadFunc                  : Finished Asynchronous operation on sound 000000006E8B1918
[LOG] SoundI::getSubSound                      : sound 000000006E8B1918.  Subsound index 0 / 1
[LOG] SoundI::getSubSound                      : sound 000000006E8B1408.  Subsound index 0 / 1
[LOG] SoundI::release                          : AKnewGod - Indifferent Heavy Metal royalty free music  FMH release (000000006E8B15B8)
[LOG] SoundI::release                          :     AKnewGod - Indifferent Heavy Metal royalty free music  FMH release (000000005BB391C8)
[LOG] SoundI::release                          :     AKnewGod - Indifferent Heavy Metal royalty free music  FMH release (000000006E8B2848)
[LOG] SoundI::release                          : Nicolai Heidlas - These Moments Guitar  happy  calm royalty free music  FMH promotion (000000006E8B1408)
[LOG] SoundI::release                          :     Nicolai Heidlas - These Moments Guitar  happy  calm royalty free music  FMH promotion (000000005F3BAB78)
[LOG] SoundI::release                          :     Nicolai Heidlas - These Moments Guitar  happy  calm royalty free music  FMH promotion (000000006E8B1C78)
[LOG] SoundI::release                          : Nicolai Heidlas - These Moments Guitar  happy  calm royalty free music  FMH promotion (000000006E8B1918)
[LOG] SoundI::release                          :     Nicolai Heidlas - These Moments Guitar  happy  calm royalty free music  FMH promotion (000000005F3BA1B8)
[LOG] SoundI::release                          :     Nicolai Heidlas - These Moments Guitar  happy  calm royalty free music  FMH promotion (000000006E8B2D58)
[LOG] SoundI::release                          :  (000000005BA516A8)
[LOG] SoundI::release                          :     spell shoot blast (000000005BB38E88)
[LOG] SoundI::release                          :  (000000005BA51538)
[LOG] SoundI::release                          :     pickaxe swing (000000005BB39368)
[LOG] SoundI::release                          :  (000000005BA51DD8)
[LOG] SoundI::release                          :     ouch1 (000000005F3BDA98)
[LOG] SoundI::release                          :  (000000005BA51988)
[LOG] SoundI::release                          :     ouch2 (000000005BB39508)
[LOG] SoundI::release                          :  (000000005BA527E8)
[LOG] SoundI::release                          :     hit1 (000000005BB39EC8)
[LOG] SoundI::release                          :  (000000005BA51AF8)
[LOG] SoundI::release                          :     hit2 (000000005BB39848)
[LOG] SoundI::release                          :  (000000005BA52228)
[LOG] SoundI::release                          :     hit3 (000000005BB3A068)
[LOG] SoundI::release                          :  (000000005BA52678)
[LOG] SoundI::release                          :     smash1 (000000005BB39B88)
[LOG] SoundI::release                          :  (000000005BA52DA8)
[LOG] SoundI::release                          :     smash2 (000000005F3BBA18)
[LOG] SoundI::release                          :  (000000005BA51C68)
[LOG] SoundI::release                          :     smash3 (000000005BB3A3A8)
[LOG] SoundI::release                          :  (000000005BA520B8)
[LOG] SoundI::release                          :     smash4 (000000005BB396A8)
[LOG] SoundI::release                          :  (000000005BA52C38)
[LOG] SoundI::release                          :     smash5 (000000005F3BC238)
[LOG] SoundI::release                          :  (000000005BA52AC8)
[LOG] SoundI::release                          :     smash6 (000000005BB3A6E8)
[LOG] SoundI::release                          :  (000000005BA52508)
[LOG] SoundI::release                          :     Sad Trombone - Gaming Sound Effect HD (000000005BB38CE8)
[LOG] Thread::callback                         : FMOD Studio update thread finished.
[LOG] Thread::callback                         : FMOD Studio bank load thread finished.
[LOG] Profile::disconnectAll                   : Profiler disconnecting all clients
[LOG] Thread::callback                         : FMOD Studio sample load thread finished.
[LOG] LiveUpdate::release                      : 
[LOG] LiveUpdate::reset                        : Reset connection (reason Disconnected)
[LOG] Thread::callback                         : FMOD stream thread finished.
[LOG] Thread::callback                         : FMOD mixer thread finished.
[LOG] Profile::disconnectAll                   : Profiler disconnecting all clients
[LOG] SystemI::close                           : Closed.
